1 47170
2 27810
3 26040
4 31330
5 42440
6 20200
7 46850
8 40790
9 31230
10 34930
11 58400
12 50360
13 58660
14 35080
15 8790
16 7060
18 43930
22 25830
23 13770
24 57820
25 57800
27 25970
29 15710
31 8330
32 31880
33 56840
35 24640
36 56710
37 32810
39 36220
40 1030
42 50280
43 22970
44 43920
45 17800
46 19450
49 41660
50 35540
51 21300
53 47920
54 25860
55 52620
57 14310
60 49160
61 10750
63 40380
65 47260
66 42530
67 45630
68 17350
69 2830
70 28770
71 53130
72 6690
73 53600
74 6890
75 54450
77 25470
79 38660
80 59010
81 43300
82 17270
83 24780
84 57990
85 52960
86 46600
87 4680
88 13320
89 45010
90 38060
91 42920
94 32900
95 33230
96 19820
97 37380
98 43350
99 27830
100 20450
101 43400
102 7220
103 18650
105 11210
108 37850
109 9960
111 47550
112 17870
113 46120
114 6480
116 13490
118 20810
120 16870
123 56450
124 50060
125 30300
126 48930
129 7040
133 58590
136 33080
138 53050
139 38210
140 47210
141 38440
143 4890
145 40340
147 31250
148 51830
149 53310
150 17600
151 43740
153 30740
156 23330
157 39540
158 28010
159 5780
161 26940
162 57980
163 3250
164 7860
167 32200
168 21920
169 39490
170 5490
171 2580
172 10230
173 50710
174 53220
175 11050
177 47610
179 18110
180 10920
181 40020
182 25580
183 22800
184 45450
186 4070
187 26890
188 23910
190 52450
193 57420
194 31500
195 10
196 5520
198 1520
200 12530
203 10340
204 49810
205 31870
206 32950
212 2650
213 13520
