126
61380 230
-9900 225
-343728 214
85140 211
55440 209
-68310 208
-521730 201
435798 198
35340 197
27730 196
-476784 195
-418374 194
-70290 193
376836 192
9100 191
331452 190
52470 189
-990 188
-53460 185
-14260 184
564696 183
-723690 182
-197904 181
315952 180
702527 179
380868 178
-78260 177
-453081 176
-541532 175
141000 174
71640 173
367587 172
459756 171
-598408 168
479570 167
1022144 165
382706 164
35570 163
-996718 162
-431078 161
-397810 160
157049 159
141594 158
418005 157
-172191 156
72410 155
-424214 154
-76379 152
-12960 151
305578 150
-824966 149
757062 148
-839822 147
314289 146
-452579 145
-468256 144
443741 143
335129 142
846880 141
-62770 140
286001 139
-506615 138
-926315 137
105814 136
135378 135
339066 134
138641 133
426034 132
312044 131
-607315 130
-275584 129
-313302 128
146830 127
1036328 126
-363257 125
224635 124
-437160 123
628265 122
12348 121
87696 120
-621659 119
-597019 118
71100 117
167902 116
477096 115
102300 114
179101 113
-114586 112
-237273 111
42803 110
-42568 109
804620 108
720452 107
-1219 106
-600660 105
-566817 104
-680737 103
-116404 102
647284 101
490590 100
92970 99
248990 98
-1169088 97
-34592 96
-276404 95
452270 94
204793 91
-1116298 90
137340 87
1012320 86
-1490 85
-8280 84
114310 82
-359970 80
587480 79
-85330 78
315210 76
-439390 75
520520 74
-447300 71
482020 67
-467390 63
-25760 62
-579600 56
497700 52
100800 51
